  Game.cpp
  The contents of <filesystem> are available only with C++17 or later.
C:\Users\trajk\Desktop\glitter\OpenGLPrj\vendor\glm\glm\ext\../detail/type_vec2.hpp(46,22): warning C4201: nonstandard extension used: nameless struct/union
C:\Users\trajk\Desktop\glitter\OpenGLPrj\vendor\glm\glm\ext\../detail/type_vec2.hpp(217): message : see reference to class template instantiation 'glm::vec<2,T,Q>' being compiled
C:\Users\trajk\Desktop\glitter\OpenGLPrj\vendor\glm\glm\ext\../detail/type_vec2.hpp(47,22): warning C4201: nonstandard extension used: nameless struct/union
C:\Users\trajk\Desktop\glitter\OpenGLPrj\vendor\glm\glm\ext\../detail/type_vec2.hpp(48,22): warning C4201: nonstandard extension used: nameless struct/union
C:\Users\trajk\Desktop\glitter\OpenGLPrj\vendor\glm\glm\ext\../detail/type_vec3.hpp(49,25): warning C4201: nonstandard extension used: nameless struct/union
C:\Users\trajk\Desktop\glitter\OpenGLPrj\vendor\glm\glm\ext\../detail/type_vec3.hpp(250): message : see reference to class template instantiation 'glm::vec<3,T,Q>' being compiled
C:\Users\trajk\Desktop\glitter\OpenGLPrj\vendor\glm\glm\ext\../detail/type_vec3.hpp(50,25): warning C4201: nonstandard extension used: nameless struct/union
C:\Users\trajk\Desktop\glitter\OpenGLPrj\vendor\glm\glm\ext\../detail/type_vec3.hpp(51,25): warning C4201: nonstandard extension used: nameless struct/union
C:\Users\trajk\Desktop\glitter\OpenGLPrj\vendor\glm\glm\ext\../detail/type_vec4.hpp(46,29): warning C4201: nonstandard extension used: nameless struct/union
C:\Users\trajk\Desktop\glitter\OpenGLPrj\vendor\glm\glm\ext\../detail/type_vec4.hpp(322): message : see reference to class template instantiation 'glm::vec<4,T,Q>' being compiled
C:\Users\trajk\Desktop\glitter\OpenGLPrj\vendor\glm\glm\ext\../detail/type_vec4.hpp(47,29): warning C4201: nonstandard extension used: nameless struct/union
C:\Users\trajk\Desktop\glitter\OpenGLPrj\vendor\glm\glm\ext\../detail/type_vec4.hpp(48,29): warning C4201: nonstandard extension used: nameless struct/union
C:\Users\trajk\Desktop\glitter\OpenGLPrj\vendor\glm\glm\ext\../detail/type_quat.hpp(58,28): warning C4201: nonstandard extension used: nameless struct/union
C:\Users\trajk\Desktop\glitter\OpenGLPrj\vendor\glm\glm\ext\../detail/type_quat.hpp(137): message : see reference to class template instantiation 'glm::qua<T,Q>' being compiled
C:\Users\trajk\Desktop\glitter\OpenGLPrj\src\Game.cpp(81,72): warning C4239: nonstandard extension used: 'argument': conversion from 'Shader' to 'Shader &'
C:\Users\trajk\Desktop\glitter\OpenGLPrj\src\Game.cpp(81,72): message : A non-const reference may only be bound to an lvalue
C:\Users\trajk\Desktop\glitter\OpenGLPrj\src\Game.cpp(200,183): warning C4239: nonstandard extension used: 'argument': conversion from 'Texture2D' to 'Texture2D &'
C:\Users\trajk\Desktop\glitter\OpenGLPrj\src\Game.cpp(200,183): message : A non-const reference may only be bound to an lvalue
C:\Users\trajk\Desktop\glitter\OpenGLPrj\src\Game.cpp(215,154): warning C4239: nonstandard extension used: 'argument': conversion from 'Texture2D' to 'Texture2D &'
C:\Users\trajk\Desktop\glitter\OpenGLPrj\src\Game.cpp(215,154): message : A non-const reference may only be bound to an lvalue
C:\Users\trajk\Desktop\glitter\OpenGLPrj\src\Game.cpp(221,58): warning C4244: 'argument': conversion from 'double' to 'float', possible loss of data
C:\Users\trajk\Desktop\glitter\OpenGLPrj\src\Game.cpp(222,79): warning C4244: 'argument': conversion from 'unsigned int' to 'float', possible loss of data
C:\Users\trajk\Desktop\glitter\OpenGLPrj\vendor\glm\glm\ext\matrix_clip_space.inl(107,1): warning C4127: conditional expression is constant
C:\Users\trajk\Desktop\glitter\OpenGLPrj\src\Game.cpp(65): message : see reference to function template instantiation 'glm::mat<4,4,glm::f32,glm::packed_highp> glm::ortho<float>(T,T,T,T,T,T)' being compiled
          with
          [
              T=float
          ]
C:\Users\trajk\Desktop\glitter\OpenGLPrj\vendor\glm\glm\ext\matrix_clip_space.inl(109,1): warning C4127: conditional expression is constant
C:\Users\trajk\Desktop\glitter\OpenGLPrj\vendor\glm\glm\ext\matrix_clip_space.inl(111,1): warning C4127: conditional expression is constant
C:\Users\trajk\Desktop\glitter\OpenGLPrj\vendor\glm\glm\ext\matrix_clip_space.inl(113,1): warning C4127: conditional expression is constant
  PlayerObject.cpp
C:\Users\trajk\Desktop\glitter\OpenGLPrj\vendor\glm\glm\ext\../detail/type_vec2.hpp(46,22): warning C4201: nonstandard extension used: nameless struct/union
C:\Users\trajk\Desktop\glitter\OpenGLPrj\vendor\glm\glm\ext\../detail/type_vec2.hpp(217): message : see reference to class template instantiation 'glm::vec<2,T,Q>' being compiled
C:\Users\trajk\Desktop\glitter\OpenGLPrj\vendor\glm\glm\ext\../detail/type_vec2.hpp(47,22): warning C4201: nonstandard extension used: nameless struct/union
C:\Users\trajk\Desktop\glitter\OpenGLPrj\vendor\glm\glm\ext\../detail/type_vec2.hpp(48,22): warning C4201: nonstandard extension used: nameless struct/union
C:\Users\trajk\Desktop\glitter\OpenGLPrj\vendor\glm\glm\ext\../detail/type_vec3.hpp(49,25): warning C4201: nonstandard extension used: nameless struct/union
C:\Users\trajk\Desktop\glitter\OpenGLPrj\vendor\glm\glm\ext\../detail/type_vec3.hpp(250): message : see reference to class template instantiation 'glm::vec<3,T,Q>' being compiled
C:\Users\trajk\Desktop\glitter\OpenGLPrj\vendor\glm\glm\ext\../detail/type_vec3.hpp(50,25): warning C4201: nonstandard extension used: nameless struct/union
C:\Users\trajk\Desktop\glitter\OpenGLPrj\vendor\glm\glm\ext\../detail/type_vec3.hpp(51,25): warning C4201: nonstandard extension used: nameless struct/union
C:\Users\trajk\Desktop\glitter\OpenGLPrj\vendor\glm\glm\ext\../detail/type_vec4.hpp(46,29): warning C4201: nonstandard extension used: nameless struct/union
C:\Users\trajk\Desktop\glitter\OpenGLPrj\vendor\glm\glm\ext\../detail/type_vec4.hpp(322): message : see reference to class template instantiation 'glm::vec<4,T,Q>' being compiled
C:\Users\trajk\Desktop\glitter\OpenGLPrj\vendor\glm\glm\ext\../detail/type_vec4.hpp(47,29): warning C4201: nonstandard extension used: nameless struct/union
C:\Users\trajk\Desktop\glitter\OpenGLPrj\vendor\glm\glm\ext\../detail/type_vec4.hpp(48,29): warning C4201: nonstandard extension used: nameless struct/union
C:\Users\trajk\Desktop\glitter\OpenGLPrj\vendor\glm\glm\ext\../detail/type_quat.hpp(58,28): warning C4201: nonstandard extension used: nameless struct/union
C:\Users\trajk\Desktop\glitter\OpenGLPrj\vendor\glm\glm\ext\../detail/type_quat.hpp(137): message : see reference to class template instantiation 'glm::qua<T,Q>' being compiled
  WeaponObject.cpp
C:\Users\trajk\Desktop\glitter\OpenGLPrj\vendor\glm\glm\ext\../detail/type_vec2.hpp(46,22): warning C4201: nonstandard extension used: nameless struct/union
C:\Users\trajk\Desktop\glitter\OpenGLPrj\vendor\glm\glm\ext\../detail/type_vec2.hpp(217): message : see reference to class template instantiation 'glm::vec<2,T,Q>' being compiled
C:\Users\trajk\Desktop\glitter\OpenGLPrj\vendor\glm\glm\ext\../detail/type_vec2.hpp(47,22): warning C4201: nonstandard extension used: nameless struct/union
C:\Users\trajk\Desktop\glitter\OpenGLPrj\vendor\glm\glm\ext\../detail/type_vec2.hpp(48,22): warning C4201: nonstandard extension used: nameless struct/union
C:\Users\trajk\Desktop\glitter\OpenGLPrj\vendor\glm\glm\ext\../detail/type_vec3.hpp(49,25): warning C4201: nonstandard extension used: nameless struct/union
C:\Users\trajk\Desktop\glitter\OpenGLPrj\vendor\glm\glm\ext\../detail/type_vec3.hpp(250): message : see reference to class template instantiation 'glm::vec<3,T,Q>' being compiled
C:\Users\trajk\Desktop\glitter\OpenGLPrj\vendor\glm\glm\ext\../detail/type_vec3.hpp(50,25): warning C4201: nonstandard extension used: nameless struct/union
C:\Users\trajk\Desktop\glitter\OpenGLPrj\vendor\glm\glm\ext\../detail/type_vec3.hpp(51,25): warning C4201: nonstandard extension used: nameless struct/union
C:\Users\trajk\Desktop\glitter\OpenGLPrj\vendor\glm\glm\ext\../detail/type_vec4.hpp(46,29): warning C4201: nonstandard extension used: nameless struct/union
C:\Users\trajk\Desktop\glitter\OpenGLPrj\vendor\glm\glm\ext\../detail/type_vec4.hpp(322): message : see reference to class template instantiation 'glm::vec<4,T,Q>' being compiled
C:\Users\trajk\Desktop\glitter\OpenGLPrj\vendor\glm\glm\ext\../detail/type_vec4.hpp(47,29): warning C4201: nonstandard extension used: nameless struct/union
C:\Users\trajk\Desktop\glitter\OpenGLPrj\vendor\glm\glm\ext\../detail/type_vec4.hpp(48,29): warning C4201: nonstandard extension used: nameless struct/union
C:\Users\trajk\Desktop\glitter\OpenGLPrj\vendor\glm\glm\ext\../detail/type_quat.hpp(58,28): warning C4201: nonstandard extension used: nameless struct/union
C:\Users\trajk\Desktop\glitter\OpenGLPrj\vendor\glm\glm\ext\../detail/type_quat.hpp(137): message : see reference to class template instantiation 'glm::qua<T,Q>' being compiled
C:\Users\trajk\Desktop\glitter\OpenGLPrj\src\WeaponObject.cpp(13,80): warning C4100: 'windowHeight': unreferenced formal parameter
C:\Users\trajk\Desktop\glitter\OpenGLPrj\src\WeaponObject.cpp(13,54): warning C4100: 'windowWidth': unreferenced formal parameter
  Generating Code...
  OpenGLPrj.vcxproj -> C:\Users\trajk\Desktop\glitter\OpenGLPrj\OpenGLPrj\Debug\OpenGLPrj.exe
